{"/Users/brodriguez/projects/react-redux-blog/src/actions.js": {"path":"/Users/brodriguez/projects/react-redux-blog/src/actions.js","statementMap":{"0":{"start":{"line":5,"column":2},"end":{"line":8,"column":4}},"1":{"start":{"line":13,"column":2},"end":{"line":16,"column":4}},"2":{"start":{"line":21,"column":2},"end":{"line":24,"column":4}},"3":{"start":{"line":29,"column":2},"end":{"line":38,"column":4}},"4":{"start":{"line":30,"column":18},"end":{"line":30,"column":28}},"5":{"start":{"line":31,"column":24},"end":{"line":31,"column":54}},"6":{"start":{"line":33,"column":18},"end":{"line":33,"column":54}},"7":{"start":{"line":35,"column":4},"end":{"line":35,"column":29}},"8":{"start":{"line":37,"column":4},"end":{"line":37,"column":17}},"9":{"start":{"line":43,"column":2},"end":{"line":47,"column":4}},"10":{"start":{"line":44,"column":21},"end":{"line":44,"column":56}},"11":{"start":{"line":45,"column":4},"end":{"line":45,"column":36}},"12":{"start":{"line":46,"column":4},"end":{"line":46,"column":20}},"13":{"start":{"line":52,"column":2},"end":{"line":56,"column":4}},"14":{"start":{"line":53,"column":17},"end":{"line":53,"column":50}},"15":{"start":{"line":54,"column":4},"end":{"line":54,"column":28}},"16":{"start":{"line":55,"column":4},"end":{"line":55,"column":16}}},"fnMap":{"0":{"name":"setPost","decl":{"start":{"line":4,"column":9},"end":{"line":4,"column":16}},"loc":{"start":{"line":4,"column":23},"end":{"line":9,"column":1}}},"1":{"name":"setComments","decl":{"start":{"line":12,"column":9},"end":{"line":12,"column":20}},"loc":{"start":{"line":12,"column":31},"end":{"line":17,"column":1}}},"2":{"name":"setUser","decl":{"start":{"line":20,"column":9},"end":{"line":20,"column":16}},"loc":{"start":{"line":20,"column":23},"end":{"line":25,"column":1}}},"3":{"name":"postsNextPage","decl":{"start":{"line":28,"column":9},"end":{"line":28,"column":22}},"loc":{"start":{"line":28,"column":25},"end":{"line":39,"column":1}}},"4":{"name":"(anonymous_4)","decl":{"start":{"line":29,"column":9},"end":{"line":29,"column":10}},"loc":{"start":{"line":29,"column":39},"end":{"line":38,"column":3}}},"5":{"name":"loadCommentsForPost","decl":{"start":{"line":42,"column":9},"end":{"line":42,"column":28}},"loc":{"start":{"line":42,"column":37},"end":{"line":48,"column":1}}},"6":{"name":"(anonymous_6)","decl":{"start":{"line":43,"column":9},"end":{"line":43,"column":10}},"loc":{"start":{"line":43,"column":29},"end":{"line":47,"column":3}}},"7":{"name":"loadUser","decl":{"start":{"line":51,"column":9},"end":{"line":51,"column":17}},"loc":{"start":{"line":51,"column":26},"end":{"line":57,"column":1}}},"8":{"name":"(anonymous_8)","decl":{"start":{"line":52,"column":9},"end":{"line":52,"column":10}},"loc":{"start":{"line":52,"column":29},"end":{"line":56,"column":3}}}},"branchMap":{},"s":{"0":0,"1":1,"2":0,"3":0,"4":0,"5":0,"6":0,"7":0,"8":0,"9":0,"10":0,"11":0,"12":0,"13":0,"14":0,"15":0,"16":0},"f":{"0":0,"1":1,"2":0,"3":0,"4":0,"5":0,"6":0,"7":0,"8":0},"b":{},"_coverageSchema":"332fd63041d2c1bcb487cc26dd0d5f7d97098a6c","hash":"89a3ce9e866436ee4cd79c2b759d7ab523eb5ee3"}
,"/Users/brodriguez/projects/react-redux-blog/src/api.js": {"path":"/Users/brodriguez/projects/react-redux-blog/src/api.js","statementMap":{"0":{"start":{"line":3,"column":16},"end":{"line":3,"column":54}},"1":{"start":{"line":5,"column":12},"end":{"line":35,"column":1}},"2":{"start":{"line":8,"column":23},"end":{"line":8,"column":68}},"3":{"start":{"line":9,"column":19},"end":{"line":9,"column":40}},"4":{"start":{"line":10,"column":6},"end":{"line":10,"column":18}},"5":{"start":{"line":13,"column":23},"end":{"line":13,"column":60}},"6":{"start":{"line":14,"column":19},"end":{"line":14,"column":40}},"7":{"start":{"line":15,"column":6},"end":{"line":15,"column":18}},"8":{"start":{"line":18,"column":23},"end":{"line":18,"column":69}},"9":{"start":{"line":19,"column":19},"end":{"line":19,"column":40}},"10":{"start":{"line":20,"column":6},"end":{"line":20,"column":18}},"11":{"start":{"line":25,"column":23},"end":{"line":25,"column":60}},"12":{"start":{"line":26,"column":19},"end":{"line":26,"column":40}},"13":{"start":{"line":27,"column":6},"end":{"line":27,"column":18}},"14":{"start":{"line":30,"column":23},"end":{"line":30,"column":67}},"15":{"start":{"line":31,"column":19},"end":{"line":31,"column":40}},"16":{"start":{"line":32,"column":6},"end":{"line":32,"column":18}}},"fnMap":{},"branchMap":{"0":{"loc":{"start":{"line":7,"column":18},"end":{"line":7,"column":26}},"type":"default-arg","locations":[{"start":{"line":7,"column":25},"end":{"line":7,"column":26}}]},"1":{"loc":{"start":{"line":12,"column":20},"end":{"line":12,"column":26}},"type":"default-arg","locations":[{"start":{"line":12,"column":25},"end":{"line":12,"column":26}}]},"2":{"loc":{"start":{"line":17,"column":22},"end":{"line":17,"column":28}},"type":"default-arg","locations":[{"start":{"line":17,"column":27},"end":{"line":17,"column":28}}]},"3":{"loc":{"start":{"line":24,"column":20},"end":{"line":24,"column":26}},"type":"default-arg","locations":[{"start":{"line":24,"column":25},"end":{"line":24,"column":26}}]},"4":{"loc":{"start":{"line":29,"column":19},"end":{"line":29,"column":25}},"type":"default-arg","locations":[{"start":{"line":29,"column":24},"end":{"line":29,"column":25}}]}},"s":{"0":1,"1":1,"2":0,"3":0,"4":0,"5":0,"6":0,"7":0,"8":0,"9":0,"10":0,"11":0,"12":0,"13":0,"14":0,"15":0,"16":0},"f":{},"b":{"0":[0],"1":[0],"2":[0],"3":[0],"4":[0]},"_coverageSchema":"332fd63041d2c1bcb487cc26dd0d5f7d97098a6c","hash":"caad81fa369860468162f937c3ec3667ba7e94d1"}
,"/Users/brodriguez/projects/react-redux-blog/src/reducer.js": {"path":"/Users/brodriguez/projects/react-redux-blog/src/reducer.js","statementMap":{"0":{"start":{"line":7,"column":21},"end":{"line":14,"column":2}},"1":{"start":{"line":18,"column":2},"end":{"line":25,"column":3}},"2":{"start":{"line":20,"column":6},"end":{"line":20,"column":23}},"3":{"start":{"line":23,"column":6},"end":{"line":23,"column":19}},"4":{"start":{"line":30,"column":2},"end":{"line":40,"column":3}},"5":{"start":{"line":32,"column":6},"end":{"line":36,"column":10}},"6":{"start":{"line":34,"column":27},"end":{"line":34,"column":56}},"7":{"start":{"line":38,"column":6},"end":{"line":38,"column":19}},"8":{"start":{"line":44,"column":21},"end":{"line":47,"column":2}},"9":{"start":{"line":51,"column":2},"end":{"line":61,"column":3}},"10":{"start":{"line":53,"column":6},"end":{"line":57,"column":10}},"11":{"start":{"line":55,"column":33},"end":{"line":55,"column":71}},"12":{"start":{"line":59,"column":6},"end":{"line":59,"column":19}},"13":{"start":{"line":66,"column":2},"end":{"line":72,"column":3}},"14":{"start":{"line":68,"column":6},"end":{"line":68,"column":63}},"15":{"start":{"line":70,"column":6},"end":{"line":70,"column":19}},"16":{"start":{"line":76,"column":16},"end":{"line":80,"column":2}}},"fnMap":{"0":{"name":"postsPageReducer","decl":{"start":{"line":17,"column":9},"end":{"line":17,"column":25}},"loc":{"start":{"line":17,"column":86},"end":{"line":26,"column":1}}},"1":{"name":"postsEntitiesReducer","decl":{"start":{"line":29,"column":9},"end":{"line":29,"column":29}},"loc":{"start":{"line":29,"column":94},"end":{"line":41,"column":1}}},"2":{"name":"(anonymous_2)","decl":{"start":{"line":34,"column":10},"end":{"line":34,"column":11}},"loc":{"start":{"line":34,"column":27},"end":{"line":34,"column":56}}},"3":{"name":"commentsReducer","decl":{"start":{"line":50,"column":9},"end":{"line":50,"column":24}},"loc":{"start":{"line":50,"column":76},"end":{"line":62,"column":1}}},"4":{"name":"(anonymous_4)","decl":{"start":{"line":55,"column":10},"end":{"line":55,"column":11}},"loc":{"start":{"line":55,"column":33},"end":{"line":55,"column":71}}},"5":{"name":"usersReducer","decl":{"start":{"line":65,"column":9},"end":{"line":65,"column":21}},"loc":{"start":{"line":65,"column":70},"end":{"line":73,"column":1}}}},"branchMap":{"0":{"loc":{"start":{"line":17,"column":26},"end":{"line":17,"column":71}},"type":"default-arg","locations":[{"start":{"line":17,"column":34},"end":{"line":17,"column":71}}]},"1":{"loc":{"start":{"line":17,"column":73},"end":{"line":17,"column":84}},"type":"default-arg","locations":[{"start":{"line":17,"column":82},"end":{"line":17,"column":84}}]},"2":{"loc":{"start":{"line":18,"column":2},"end":{"line":25,"column":3}},"type":"switch","locations":[{"start":{"line":19,"column":4},"end":{"line":21,"column":5}},{"start":{"line":22,"column":4},"end":{"line":24,"column":5}}]},"3":{"loc":{"start":{"line":29,"column":30},"end":{"line":29,"column":79}},"type":"default-arg","locations":[{"start":{"line":29,"column":38},"end":{"line":29,"column":79}}]},"4":{"loc":{"start":{"line":29,"column":81},"end":{"line":29,"column":92}},"type":"default-arg","locations":[{"start":{"line":29,"column":90},"end":{"line":29,"column":92}}]},"5":{"loc":{"start":{"line":30,"column":2},"end":{"line":40,"column":3}},"type":"switch","locations":[{"start":{"line":31,"column":4},"end":{"line":36,"column":10}},{"start":{"line":37,"column":4},"end":{"line":39,"column":5}}]},"6":{"loc":{"start":{"line":50,"column":25},"end":{"line":50,"column":61}},"type":"default-arg","locations":[{"start":{"line":50,"column":33},"end":{"line":50,"column":61}}]},"7":{"loc":{"start":{"line":50,"column":63},"end":{"line":50,"column":74}},"type":"default-arg","locations":[{"start":{"line":50,"column":72},"end":{"line":50,"column":74}}]},"8":{"loc":{"start":{"line":51,"column":2},"end":{"line":61,"column":3}},"type":"switch","locations":[{"start":{"line":52,"column":4},"end":{"line":57,"column":10}},{"start":{"line":58,"column":4},"end":{"line":60,"column":5}}]},"9":{"loc":{"start":{"line":65,"column":22},"end":{"line":65,"column":55}},"type":"default-arg","locations":[{"start":{"line":65,"column":30},"end":{"line":65,"column":55}}]},"10":{"loc":{"start":{"line":65,"column":57},"end":{"line":65,"column":68}},"type":"default-arg","locations":[{"start":{"line":65,"column":66},"end":{"line":65,"column":68}}]},"11":{"loc":{"start":{"line":66,"column":2},"end":{"line":72,"column":3}},"type":"switch","locations":[{"start":{"line":67,"column":4},"end":{"line":68,"column":63}},{"start":{"line":69,"column":4},"end":{"line":71,"column":5}}]}},"s":{"0":1,"1":1,"2":0,"3":1,"4":1,"5":0,"6":0,"7":1,"8":1,"9":1,"10":1,"11":2,"12":0,"13":1,"14":0,"15":1,"16":1},"f":{"0":1,"1":1,"2":0,"3":1,"4":2,"5":1},"b":{"0":[1],"1":[0],"2":[0,1],"3":[1],"4":[0],"5":[0,1],"6":[1],"7":[0],"8":[1,0],"9":[1],"10":[0],"11":[0,1]},"_coverageSchema":"332fd63041d2c1bcb487cc26dd0d5f7d97098a6c","hash":"3ca64eaed3d69270333ba6aaeed3537bb9993ecd"}
,"/Users/brodriguez/projects/react-redux-blog/src/comments/components/Comment.jsx": {"path":"/Users/brodriguez/projects/react-redux-blog/src/comments/components/Comment.jsx","statementMap":{"0":{"start":{"line":5,"column":2},"end":{"line":21,"column":4}},"1":{"start":{"line":24,"column":0},"end":{"line":29,"column":2}}},"fnMap":{"0":{"name":"Comment","decl":{"start":{"line":4,"column":9},"end":{"line":4,"column":16}},"loc":{"start":{"line":4,"column":24},"end":{"line":22,"column":1}}}},"branchMap":{},"s":{"0":1,"1":1},"f":{"0":1},"b":{},"_coverageSchema":"332fd63041d2c1bcb487cc26dd0d5f7d97098a6c","hash":"00f49932a32090759b278cedd59b47b5baf99152"}
}
