TN:
SF:/Users/brodriguez/projects/react-redux-blog/src/actions.js
FN:4,setPost
FN:12,setComments
FN:20,setUser
FN:28,postsNextPage
FN:29,(anonymous_4)
FN:42,loadCommentsForPost
FN:43,(anonymous_6)
FN:51,loadUser
FN:52,(anonymous_8)
FNF:9
FNH:1
FNDA:0,setPost
FNDA:1,setComments
FNDA:0,setUser
FNDA:0,postsNextPage
FNDA:0,(anonymous_4)
FNDA:0,loadCommentsForPost
FNDA:0,(anonymous_6)
FNDA:0,loadUser
FNDA:0,(anonymous_8)
DA:5,0
DA:13,1
DA:21,0
DA:29,0
DA:30,0
DA:31,0
DA:33,0
DA:35,0
DA:37,0
DA:43,0
DA:44,0
DA:45,0
DA:46,0
DA:52,0
DA:53,0
DA:54,0
DA:55,0
LF:17
LH:1
BRF:0
BRH:0
end_of_record
TN:
SF:/Users/brodriguez/projects/react-redux-blog/src/api.js
FNF:0
FNH:0
DA:3,1
DA:5,1
DA:8,0
DA:9,0
DA:10,0
DA:13,0
DA:14,0
DA:15,0
DA:18,0
DA:19,0
DA:20,0
DA:25,0
DA:26,0
DA:27,0
DA:30,0
DA:31,0
DA:32,0
LF:17
LH:2
BRDA:7,0,0,0
BRDA:12,1,0,0
BRDA:17,2,0,0
BRDA:24,3,0,0
BRDA:29,4,0,0
BRF:5
BRH:0
end_of_record
TN:
SF:/Users/brodriguez/projects/react-redux-blog/src/reducer.js
FN:17,postsPageReducer
FN:29,postsEntitiesReducer
FN:34,(anonymous_2)
FN:50,commentsReducer
FN:55,(anonymous_4)
FN:65,usersReducer
FNF:6
FNH:5
FNDA:1,postsPageReducer
FNDA:1,postsEntitiesReducer
FNDA:0,(anonymous_2)
FNDA:1,commentsReducer
FNDA:2,(anonymous_4)
FNDA:1,usersReducer
DA:7,1
DA:18,1
DA:20,0
DA:23,1
DA:30,1
DA:32,0
DA:34,0
DA:38,1
DA:44,1
DA:51,1
DA:53,1
DA:55,2
DA:59,0
DA:66,1
DA:68,0
DA:70,1
DA:76,1
LF:17
LH:12
BRDA:17,0,0,1
BRDA:17,1,0,0
BRDA:18,2,0,0
BRDA:18,2,1,1
BRDA:29,3,0,1
BRDA:29,4,0,0
BRDA:30,5,0,0
BRDA:30,5,1,1
BRDA:50,6,0,1
BRDA:50,7,0,0
BRDA:51,8,0,1
BRDA:51,8,1,0
BRDA:65,9,0,1
BRDA:65,10,0,0
BRDA:66,11,0,0
BRDA:66,11,1,1
BRF:16
BRH:8
end_of_record
TN:
SF:/Users/brodriguez/projects/react-redux-blog/src/comments/components/Comment.jsx
FN:4,Comment
FNF:1
FNH:1
FNDA:1,Comment
DA:5,1
DA:24,1
LF:2
LH:2
BRF:0
BRH:0
end_of_record
